

/******************************************************************************************
* WriteStepFile diagnostics.
* Date:                           Mon Apr 19 15:41:11 2021 
* Produced by:                    The EXPRESS Data Manager Version 5.02.0100.07 : 28 Aug 2013
* Module:                         EDMstepFileFactory/EDMstandAlone
* Host:                           DESKTOP-A5F2N5L
* Database:                       C:\Users\saber\AppData\Local\Temp\079a0837-ba7c-4a47-9710-929705fd5fce\56444749-2b45-4366-8602-544bb2d26858\ifc
* Database version:               5507
* Database creation date:         Mon Apr 19 15:41:01 2021
* Model:                          DataRepository.ifc
* Model creation date:            Mon Apr 19 15:41:01 2021
* Header model:                   DataRepository.ifc_HeaderModel
* Header model creation date:     Mon Apr 19 15:41:01 2021
* Step file:                      gss_revit.ifc
* EDMuser:                        sdai-user
* EDMgroup:                       sdai-group
* License ID and type:            5605 : Permanent license. Expiry date: 
* EDMstepFileFactory options:     020000
******************************************************************************************/


------------------------------------------------------------------------------------------------
Operation terminated successfully.
------------------------------------------------------------------------------------------------

