

/******************************************************************************************
* WriteStepFile diagnostics.
* Date:                           Mon Apr 19 14:46:12 2021 
* Produced by:                    The EXPRESS Data Manager Version 5.02.0100.07 : 28 Aug 2013
* Module:                         EDMstepFileFactory/EDMstandAlone
* Host:                           DESKTOP-A5F2N5L
* Database:                       C:\Users\saber\AppData\Local\Temp\66cae42c-9c4e-453a-b4d7-13898495e541\96eca7bb-f2a2-41d2-aa50-d69be930c19f\ifc
* Database version:               5507
* Database creation date:         Mon Apr 19 14:44:29 2021
* Model:                          DataRepository.ifc
* Model creation date:            Mon Apr 19 14:44:30 2021
* Header model:                   DataRepository.ifc_HeaderModel
* Header model creation date:     Mon Apr 19 14:44:30 2021
* Step file:                      House.ifc
* EDMuser:                        sdai-user
* EDMgroup:                       sdai-group
* License ID and type:            5605 : Permanent license. Expiry date: 
* EDMstepFileFactory options:     020000
******************************************************************************************/


------------------------------------------------------------------------------------------------
Operation terminated successfully.
------------------------------------------------------------------------------------------------

