

/******************************************************************************************
* WriteStepFile diagnostics.
* Date:                           Mon Apr 19 14:15:58 2021 
* Produced by:                    The EXPRESS Data Manager Version 5.02.0100.07 : 28 Aug 2013
* Module:                         EDMstepFileFactory/EDMstandAlone
* Host:                           DESKTOP-A5F2N5L
* Database:                       C:\Users\saber\AppData\Local\Temp\66cae42c-9c4e-453a-b4d7-13898495e541\49a70118-2356-4f74-859e-d7a72896da10\ifc
* Database version:               5507
* Database creation date:         Mon Apr 19 14:15:55 2021
* Model:                          DataRepository.ifc
* Model creation date:            Mon Apr 19 14:15:56 2021
* Header model:                   DataRepository.ifc_HeaderModel
* Header model creation date:     Mon Apr 19 14:15:56 2021
* Step file:                      Modele_2.ifc
* EDMuser:                        sdai-user
* EDMgroup:                       sdai-group
* License ID and type:            5605 : Permanent license. Expiry date: 
* EDMstepFileFactory options:     020000
******************************************************************************************/


------------------------------------------------------------------------------------------------
Operation terminated successfully.
------------------------------------------------------------------------------------------------

