

/******************************************************************************************
* WriteStepFile diagnostics.
* Date:                           Fri May 07 16:23:35 2021 
* Produced by:                    The EXPRESS Data Manager Version 5.02.0100.07 : 28 Aug 2013
* Module:                         EDMstepFileFactory/EDMstandAlone
* Host:                           DESKTOP-A5F2N5L
* Database:                       C:\Users\saber\AppData\Local\Temp\1356455e-9300-4a04-ac11-5e88039856c8\9a1a5e77-9cf9-48b6-b4df-f28a5b94ef69\ifc
* Database version:               5507
* Database creation date:         Fri May 07 16:23:12 2021
* Model:                          DataRepository.ifc
* Model creation date:            Fri May 07 16:23:12 2021
* Header model:                   DataRepository.ifc_HeaderModel
* Header model creation date:     Fri May 07 16:23:13 2021
* Step file:                      model 2.ifc
* EDMuser:                        sdai-user
* EDMgroup:                       sdai-group
* License ID and type:            5605 : Permanent license. Expiry date: 
* EDMstepFileFactory options:     020000
******************************************************************************************/


------------------------------------------------------------------------------------------------
Operation terminated successfully.
------------------------------------------------------------------------------------------------

