

/******************************************************************************************
* WriteStepFile diagnostics.
* Date:                           Sun May 09 13:42:09 2021 
* Produced by:                    The EXPRESS Data Manager Version 5.02.0100.07 : 28 Aug 2013
* Module:                         EDMstepFileFactory/EDMstandAlone
* Host:                           DESKTOP-A5F2N5L
* Database:                       C:\Users\saber\AppData\Local\Temp\eedf4e12-39ba-4449-9929-b1c2c9a67d33\7ca67e15-8268-44ab-9185-20f9851e8be5\ifc
* Database version:               5507
* Database creation date:         Sun May 09 13:41:43 2021
* Model:                          DataRepository.ifc
* Model creation date:            Sun May 09 13:41:44 2021
* Header model:                   DataRepository.ifc_HeaderModel
* Header model creation date:     Sun May 09 13:41:44 2021
* Step file:                      Project2.ifc
* EDMuser:                        sdai-user
* EDMgroup:                       sdai-group
* License ID and type:            5605 : Permanent license. Expiry date: 
* EDMstepFileFactory options:     020000
******************************************************************************************/


------------------------------------------------------------------------------------------------
Operation terminated successfully.
------------------------------------------------------------------------------------------------

