

/******************************************************************************************
* WriteStepFile diagnostics.
* Date:                           Fri Apr 23 14:15:41 2021 
* Produced by:                    The EXPRESS Data Manager Version 5.02.0100.07 : 28 Aug 2013
* Module:                         EDMstepFileFactory/EDMstandAlone
* Host:                           DESKTOP-A5F2N5L
* Database:                       C:\Users\saber\AppData\Local\Temp\079a0837-ba7c-4a47-9710-929705fd5fce\cbeda5b7-e883-4c8d-913d-b77e835a1b4f\ifc
* Database version:               5507
* Database creation date:         Fri Apr 23 14:15:24 2021
* Model:                          DataRepository.ifc
* Model creation date:            Fri Apr 23 14:15:25 2021
* Header model:                   DataRepository.ifc_HeaderModel
* Header model creation date:     Fri Apr 23 14:15:25 2021
* Step file:                      R+3.ifc
* EDMuser:                        sdai-user
* EDMgroup:                       sdai-group
* License ID and type:            5605 : Permanent license. Expiry date: 
* EDMstepFileFactory options:     020000
******************************************************************************************/


------------------------------------------------------------------------------------------------
Operation terminated successfully.
------------------------------------------------------------------------------------------------

