

/******************************************************************************************
* WriteStepFile diagnostics.
* Date:                           Tue Apr 20 13:42:10 2021 
* Produced by:                    The EXPRESS Data Manager Version 5.02.0100.07 : 28 Aug 2013
* Module:                         EDMstepFileFactory/EDMstandAlone
* Host:                           DESKTOP-A5F2N5L
* Database:                       C:\Users\saber\AppData\Local\Temp\079a0837-ba7c-4a47-9710-929705fd5fce\cc808f36-d6a4-4921-bf8f-82d2476a7525\ifc
* Database version:               5507
* Database creation date:         Tue Apr 20 13:42:07 2021
* Model:                          DataRepository.ifc
* Model creation date:            Tue Apr 20 13:42:08 2021
* Header model:                   DataRepository.ifc_HeaderModel
* Header model creation date:     Tue Apr 20 13:42:08 2021
* Step file:                      try.ifc
* EDMuser:                        sdai-user
* EDMgroup:                       sdai-group
* License ID and type:            5605 : Permanent license. Expiry date: 
* EDMstepFileFactory options:     020000
******************************************************************************************/


------------------------------------------------------------------------------------------------
Operation terminated successfully.
------------------------------------------------------------------------------------------------

